<?xml version="1.0" encoding="UTF-8"?>
<testsuites name="Via Login" time="17.334" tests="4" failures="0" errors="0">
   <testsuite name="Via Login" tests="4" failures="0" errors="0" time="17.334" skipped="0" timestamp="04-04-2024T09:35:03" hostname="1735 - 192.168.137.77" id="Test Suites/Via Login">
      <properties>
         <property name="deviceName" value=""/>
         <property name="devicePlatform" value=""/>
         <property name="logFolder" value="C:\\Users\\1735\\git\\katalon_parabank\\Reports\\20240404_093426\\Via Login\\20240404_093429"/>
         <property name="logFiles" value="C:\\Users\\1735\\git\\katalon_parabank\\Reports\\20240404_093426\\Via Login\\20240404_093429\\execution0.log"/>
         <property name="attachments" value=""/>
         <property name="hostName" value="1735 - 192.168.137.77"/>
         <property name="os" value="Windows 11 64bit"/>
         <property name="katalonVersion" value="9.3.2.212"/>
         <property name="browser" value="Chrome 123.0.0.0"/>
         <property name="hostAddress" value="192.168.137.77"/>
         <property name="sessionId" value="54f52c290809a37c4279cc20d63ee03d"/>
         <property name="seleniumVersion" value="3.141.59"/>
         <property name="proxyInformation" value="ProxyInformation { proxyOption=NO_PROXY, proxyServerType=HTTP, username=, password=********, proxyServerAddress=, proxyServerPort=0, executionList=&quot;&quot;, isApplyToDesiredCapabilities=true }"/>
         <property name="platform" value="Windows 11"/>
      </properties>
      <testcase name="Test Cases/Login" time="10.114" classname="Test Cases/Login" status="PASSED">
         <system-out><![CDATA[04-04-2024T09:35:04 - [TEST_CASE][PASSED] - Test Cases/Login: Test Cases/Login

04-04-2024T09:35:04 - [TEST_STEP][PASSED] - openBrowser(""): Browser is opened with url: ''

04-04-2024T09:35:04 - [MESSAGE][INFO] - Starting 'Chrome' driver

04-04-2024T09:35:04 - [MESSAGE][INFO] - Action delay is set to 0 milliseconds

04-04-2024T09:35:06 - [MESSAGE][PASSED] - Browser is opened with url: ''

04-04-2024T09:35:06 - [TEST_STEP][PASSED] - navigateToUrl("https://parabank.parasoft.com/parabank/index.htm"): Navigate to 'https://parabank.parasoft.com/parabank/index.htm' successfully

04-04-2024T09:35:10 - [MESSAGE][PASSED] - Navigate to 'https://parabank.parasoft.com/parabank/index.htm' successfully

04-04-2024T09:35:10 - [TEST_STEP][PASSED] - setText(findTestObject("Object Repository/Parabank - Login/Page_ParaBank  Welcome  Online Banking/input_Username_username"), Username): Text 'filbert.bojinov' is set on object 'Object Repository/Parabank - Login/Page_ParaBank  Welcome  Online Banking/input_Username_username'

04-04-2024T09:35:10 - [MESSAGE][PASSED] - Text 'filbert.bojinov' is set on object 'Object Repository/Parabank - Login/Page_ParaBank  Welcome  Online Banking/input_Username_username'

04-04-2024T09:35:10 - [TEST_STEP][PASSED] - setEncryptedText(findTestObject("Object Repository/Parabank - Login/Page_ParaBank  Welcome  Online Banking/input_Password_password"), "tzH6RvlfSTg="): Text ****** has been set on object 'Object Repository/Parabank - Login/Page_ParaBank  Welcome  Online Banking/input_Password_password'

04-04-2024T09:35:11 - [MESSAGE][PASSED] - Text ****** has been set on object 'Object Repository/Parabank - Login/Page_ParaBank  Welcome  Online Banking/input_Password_password'

04-04-2024T09:35:11 - [TEST_STEP][PASSED] - click(findTestObject("Object Repository/Parabank - Login/Page_ParaBank  Welcome  Online Banking/input_Password_button")): Object: 'Object Repository/Parabank - Login/Page_ParaBank  Welcome  Online Banking/input_Password_button' is clicked on

04-04-2024T09:35:14 - [MESSAGE][PASSED] - Object: 'Object Repository/Parabank - Login/Page_ParaBank  Welcome  Online Banking/input_Password_button' is clicked on]]></system-out>
         <system-err><![CDATA[]]></system-err>
      </testcase>
      <testcase name="Test Cases/Open New Account" time="2.665" classname="Test Cases/Open New Account" status="PASSED">
         <system-out><![CDATA[04-04-2024T09:35:14 - [TEST_CASE][PASSED] - Test Cases/Open New Account: Test Cases/Open New Account

04-04-2024T09:35:14 - [TEST_STEP][PASSED] - click(findTestObject("Object Repository/Parabank - Open New Account/Page_ParaBank  Accounts Overview/a_Open New Account")): Object: 'Object Repository/Parabank - Open New Account/Page_ParaBank  Accounts Overview/a_Open New Account' is clicked on

04-04-2024T09:35:15 - [MESSAGE][PASSED] - Object: 'Object Repository/Parabank - Open New Account/Page_ParaBank  Accounts Overview/a_Open New Account' is clicked on

04-04-2024T09:35:15 - [TEST_STEP][PASSED] - selectOptionByValue(findTestObject("Object Repository/Parabank - Open New Account/Page_ParaBank  Open Account/select_CHECKING                  SAVINGS"), "1", true): All options with value '1' are selected in object 'Object Repository/Parabank - Open New Account/Page_ParaBank  Open Account/select_CHECKING                  SAVINGS'  using regular expression

04-04-2024T09:35:16 - [MESSAGE][PASSED] - All options with value '1' are selected in object 'Object Repository/Parabank - Open New Account/Page_ParaBank  Open Account/select_CHECKING                  SAVINGS'  using regular expression

04-04-2024T09:35:16 - [TEST_STEP][PASSED] - click(findTestObject("Object Repository/Parabank - Open New Account/Page_ParaBank  Open Account/input_What type of Account would you like t_be1ff6")): Object: 'Object Repository/Parabank - Open New Account/Page_ParaBank  Open Account/input_What type of Account would you like t_be1ff6' is clicked on

04-04-2024T09:35:16 - [MESSAGE][PASSED] - Object: 'Object Repository/Parabank - Open New Account/Page_ParaBank  Open Account/input_What type of Account would you like t_be1ff6' is clicked on]]></system-out>
         <system-err><![CDATA[]]></system-err>
      </testcase>
      <testcase name="Test Cases/Request Loan" time="2.816" classname="Test Cases/Request Loan" status="PASSED">
         <system-out><![CDATA[04-04-2024T09:35:16 - [TEST_CASE][PASSED] - Test Cases/Request Loan: Test Cases/Request Loan

04-04-2024T09:35:17 - [TEST_STEP][PASSED] - click(findTestObject("Object Repository/Parabank - Request Loan/Page_ParaBank  Customer Created/a_Request Loan")): Object: 'Object Repository/Parabank - Request Loan/Page_ParaBank  Customer Created/a_Request Loan' is clicked on

04-04-2024T09:35:18 - [MESSAGE][PASSED] - Object: 'Object Repository/Parabank - Request Loan/Page_ParaBank  Customer Created/a_Request Loan' is clicked on

04-04-2024T09:35:18 - [TEST_STEP][PASSED] - setText(findTestObject("Object Repository/Parabank - Request Loan/Page_ParaBank  Loan Request/input_Loan Amount_amount"), "3000"): Text '3000' is set on object 'Object Repository/Parabank - Request Loan/Page_ParaBank  Loan Request/input_Loan Amount_amount'

04-04-2024T09:35:18 - [MESSAGE][PASSED] - Text '3000' is set on object 'Object Repository/Parabank - Request Loan/Page_ParaBank  Loan Request/input_Loan Amount_amount'

04-04-2024T09:35:18 - [TEST_STEP][PASSED] - setText(findTestObject("Object Repository/Parabank - Request Loan/Page_ParaBank  Loan Request/input_Down Payment_downPayment"), "30"): Text '30' is set on object 'Object Repository/Parabank - Request Loan/Page_ParaBank  Loan Request/input_Down Payment_downPayment'

04-04-2024T09:35:19 - [MESSAGE][PASSED] - Text '30' is set on object 'Object Repository/Parabank - Request Loan/Page_ParaBank  Loan Request/input_Down Payment_downPayment'

04-04-2024T09:35:19 - [TEST_STEP][PASSED] - click(findTestObject("Object Repository/Parabank - Request Loan/Page_ParaBank  Loan Request/input_From account_button")): Object: 'Object Repository/Parabank - Request Loan/Page_ParaBank  Loan Request/input_From account_button' is clicked on

04-04-2024T09:35:19 - [MESSAGE][PASSED] - Object: 'Object Repository/Parabank - Request Loan/Page_ParaBank  Loan Request/input_From account_button' is clicked on]]></system-out>
         <system-err><![CDATA[]]></system-err>
      </testcase>
      <testcase name="Test Cases/Logout" time="1.469" classname="Test Cases/Logout" status="PASSED">
         <system-out><![CDATA[04-04-2024T09:35:19 - [TEST_CASE][PASSED] - Test Cases/Logout: Test Cases/Logout

04-04-2024T09:35:19 - [TEST_STEP][PASSED] - click(findTestObject("Object Repository/Parabank - Register/Page_ParaBank  Customer Created/a_Log Out")): Object: 'Object Repository/Parabank - Register/Page_ParaBank  Customer Created/a_Log Out' is clicked on

04-04-2024T09:35:21 - [MESSAGE][PASSED] - Object: 'Object Repository/Parabank - Register/Page_ParaBank  Customer Created/a_Log Out' is clicked on]]></system-out>
         <system-err><![CDATA[]]></system-err>
      </testcase>
      <system-out><![CDATA[04-04-2024T09:35:03 - [TEST_SUITE][PASSED] - Via Login: Test Cases/Logout]]></system-out>
      <system-err><![CDATA[]]></system-err>
   </testsuite>
</testsuites>
